# JRE version: Java(TM) SE Runtime Environment (8.0_201-b09) (build 1.8.0_201-b09)
# Java VM: Java HotSpot(TM) 64-Bit Server VM (25.201-b09 mixed mode windows-amd64 compressed oops)
Heap:
 PSYoungGen      total 206848K, used 14934K [0x0000000715980000, 0x0000000723b80000, 0x00000007c0000000)
  eden space 188416K, 0% used [0x0000000715980000,0x0000000715980000,0x0000000721180000)
  from space 18432K, 81% used [0x0000000722980000,0x0000000723815900,0x0000000723b80000)
  to   space 21504K, 0% used [0x0000000721180000,0x0000000721180000,0x0000000722680000)
 ParOldGen       total 203776K, used 9041K [0x00000005c0c00000, 0x00000005cd300000, 0x0000000715980000)
  object space 203776K, 4% used [0x00000005c0c00000,0x00000005c14d44c8,0x00000005cd300000)
 Metaspace       used 33826K, capacity 35370K, committed 35456K, reserved 1079296K
  class space    used 4400K, capacity 4715K, committed 4736K, reserved 1048576K
GC Heap History (10 events):
Event: 0.953 GC heap after
Heap after GC invocations=1 (full 0):
 PSYoungGen      total 153088K, used 12614K [0x0000000715980000, 0x0000000720400000, 0x00000007c0000000)
  eden space 131584K, 0% used [0x0000000715980000,0x0000000715980000,0x000000071da00000)
  from space 21504K, 58% used [0x000000071da00000,0x000000071e6518d8,0x000000071ef00000)
  to   space 21504K, 0% used [0x000000071ef00000,0x000000071ef00000,0x0000000720400000)
 ParOldGen       total 349696K, used 16K [0x00000005c0c00000, 0x00000005d6180000, 0x0000000715980000)
  object space 349696K, 0% used [0x00000005c0c00000,0x00000005c0c04000,0x00000005d6180000)
 Metaspace       used 15881K, capacity 16386K, committed 16640K, reserved 1062912K
  class space    used 2091K, capacity 2226K, committed 2304K, reserved 1048576K
}
Event: 1.161 GC heap before
{Heap before GC invocations=2 (full 0):
 PSYoungGen      total 153088K, used 50731K [0x0000000715980000, 0x0000000720400000, 0x00000007c0000000)
  eden space 131584K, 28% used [0x0000000715980000,0x0000000717eb95d8,0x000000071da00000)
  from space 21504K, 58% used [0x000000071da00000,0x000000071e6518d8,0x000000071ef00000)
  to   space 21504K, 0% used [0x000000071ef00000,0x000000071ef00000,0x0000000720400000)
 ParOldGen       total 349696K, used 16K [0x00000005c0c00000, 0x00000005d6180000, 0x0000000715980000)
  object space 349696K, 0% used [0x00000005c0c00000,0x00000005c0c04000,0x00000005d6180000)
 Metaspace       used 20604K, capacity 21162K, committed 21296K, reserved 1067008K
  class space    used 2688K, capacity 2854K, committed 2944K, reserved 1048576K
Event: 1.167 GC heap after
Heap after GC invocations=2 (full 0):
 PSYoungGen      total 153088K, used 9470K [0x0000000715980000, 0x0000000728480000, 0x00000007c0000000)
  eden space 131584K, 0% used [0x0000000715980000,0x0000000715980000,0x000000071da00000)
  from space 21504K, 44% used [0x000000071ef00000,0x000000071f83f870,0x0000000720400000)
  to   space 21504K, 0% used [0x000000071da00000,0x000000071da00000,0x000000071ef00000)
 ParOldGen       total 349696K, used 24K [0x00000005c0c00000, 0x00000005d6180000, 0x0000000715980000)
  object space 349696K, 0% used [0x00000005c0c00000,0x00000005c0c06000,0x00000005d6180000)
 Metaspace       used 20604K, capacity 21162K, committed 21296K, reserved 1067008K
  class space    used 2688K, capacity 2854K, committed 2944K, reserved 1048576K
}
Event: 1.167 GC heap before
{Heap before GC invocations=3 (full 1):
 PSYoungGen      total 153088K, used 9470K [0x0000000715980000, 0x0000000728480000, 0x00000007c0000000)
  eden space 131584K, 0% used [0x0000000715980000,0x0000000715980000,0x000000071da00000)
  from space 21504K, 44% used [0x000000071ef00000,0x000000071f83f870,0x0000000720400000)
  to   space 21504K, 0% used [0x000000071da00000,0x000000071da00000,0x000000071ef00000)
 ParOldGen       total 349696K, used 24K [0x00000005c0c00000, 0x00000005d6180000, 0x0000000715980000)
  object space 349696K, 0% used [0x00000005c0c00000,0x00000005c0c06000,0x00000005d6180000)
 Metaspace       used 20604K, capacity 21162K, committed 21296K, reserved 1067008K
  class space    used 2688K, capacity 2854K, committed 2944K, reserved 1048576K
Event: 1.187 GC heap after
Heap after GC invocations=3 (full 1):
 PSYoungGen      total 153088K, used 0K [0x0000000715980000, 0x0000000728480000, 0x00000007c0000000)
  eden space 131584K, 0% used [0x0000000715980000,0x0000000715980000,0x000000071da00000)
  from space 21504K, 0% used [0x000000071ef00000,0x000000071ef00000,0x0000000720400000)
  to   space 21504K, 0% used [0x000000071da00000,0x000000071da00000,0x000000071ef00000)
 ParOldGen       total 203776K, used 8961K [0x00000005c0c00000, 0x00000005cd300000, 0x0000000715980000)
  object space 203776K, 4% used [0x00000005c0c00000,0x00000005c14c04b8,0x00000005cd300000)
 Metaspace       used 20602K, capacity 21156K, committed 21296K, reserved 1067008K
  class space    used 2687K, capacity 2853K, committed 2944K, reserved 1048576K
}
Event: 2.238 GC heap before
{Heap before GC invocations=4 (full 1):
 PSYoungGen      total 153088K, used 131584K [0x0000000715980000, 0x0000000728480000, 0x00000007c0000000)
  eden space 131584K, 100% used [0x0000000715980000,0x000000071da00000,0x000000071da00000)
  from space 21504K, 0% used [0x000000071ef00000,0x000000071ef00000,0x0000000720400000)
  to   space 21504K, 0% used [0x000000071da00000,0x000000071da00000,0x000000071ef00000)
 ParOldGen       total 203776K, used 8961K [0x00000005c0c00000, 0x00000005cd300000, 0x0000000715980000)
  object space 203776K, 4% used [0x00000005c0c00000,0x00000005c14c04b8,0x00000005cd300000)
 Metaspace       used 27999K, capacity 29162K, committed 29312K, reserved 1075200K
  class space    used 3649K, capacity 3927K, committed 3968K, reserved 1048576K
Event: 2.243 GC heap after
Heap after GC invocations=4 (full 1):
 PSYoungGen      total 153088K, used 10539K [0x0000000715980000, 0x0000000723e80000, 0x00000007c0000000)
  eden space 131584K, 0% used [0x0000000715980000,0x0000000715980000,0x000000071da00000)
  from space 21504K, 49% used [0x000000071da00000,0x000000071e44ac98,0x000000071ef00000)
  to   space 21504K, 0% used [0x0000000722980000,0x0000000722980000,0x0000000723e80000)
 ParOldGen       total 203776K, used 9033K [0x00000005c0c00000, 0x00000005cd300000, 0x0000000715980000)
  object space 203776K, 4% used [0x00000005c0c00000,0x00000005c14d24c8,0x00000005cd300000)
 Metaspace       used 27999K, capacity 29162K, committed 29312K, reserved 1075200K
  class space    used 3649K, capacity 3927K, committed 3968K, reserved 1048576K
}
Event: 3.249 GC heap before
{Heap before GC invocations=5 (full 1):
 PSYoungGen      total 153088K, used 138227K [0x0000000715980000, 0x0000000723e80000, 0x00000007c0000000)
  eden space 131584K, 97% used [0x0000000715980000,0x000000071d6320a0,0x000000071da00000)
  from space 21504K, 49% used [0x000000071da00000,0x000000071e44ac98,0x000000071ef00000)
  to   space 21504K, 0% used [0x0000000722980000,0x0000000722980000,0x0000000723e80000)
 ParOldGen       total 203776K, used 9033K [0x00000005c0c00000, 0x00000005cd300000, 0x0000000715980000)
  object space 203776K, 4% used [0x00000005c0c00000,0x00000005c14d24c8,0x00000005cd300000)
 Metaspace       used 33826K, capacity 35370K, committed 35456K, reserved 1079296K
  class space    used 4400K, capacity 4715K, committed 4736K, reserved 1048576K
Event: 3.258 GC heap after
Heap after GC invocations=5 (full 1):
 PSYoungGen      total 206848K, used 14934K [0x0000000715980000, 0x0000000723b80000, 0x00000007c0000000)
  eden space 188416K, 0% used [0x0000000715980000,0x0000000715980000,0x0000000721180000)
  from space 18432K, 81% used [0x0000000722980000,0x0000000723815900,0x0000000723b80000)
  to   space 21504K, 0% used [0x0000000721180000,0x0000000721180000,0x0000000722680000)
 ParOldGen       total 203776K, used 9041K [0x00000005c0c00000, 0x00000005cd300000, 0x0000000715980000)
  object space 203776K, 4% used [0x00000005c0c00000,0x00000005c14d44c8,0x00000005cd300000)
 Metaspace       used 33826K, capacity 35370K, committed 35456K, reserved 1079296K
  class space    used 4400K, capacity 4715K, committed 4736K, reserved 1048576K
}
Event: 3.258 GC heap before
{Heap before GC invocations=6 (full 2):
 PSYoungGen      total 206848K, used 14934K [0x0000000715980000, 0x0000000723b80000, 0x00000007c0000000)
  eden space 188416K, 0% used [0x0000000715980000,0x0000000715980000,0x0000000721180000)
  from space 18432K, 81% used [0x0000000722980000,0x0000000723815900,0x0000000723b80000)
  to   space 21504K, 0% used [0x0000000721180000,0x0000000721180000,0x0000000722680000)
 ParOldGen       total 203776K, used 9041K [0x00000005c0c00000, 0x00000005cd300000, 0x0000000715980000)
  object space 203776K, 4% used [0x00000005c0c00000,0x00000005c14d44c8,0x00000005cd300000)
 Metaspace       used 33826K, capacity 35370K, committed 35456K, reserved 1079296K
  class space    used 4400K, capacity 4715K, committed 4736K, reserved 1048576K

